<?xml version="1.0" encoding="UTF-8"?>
<testsuite xmlns:xsi="http://www.w3.org/2001/XMLSchema-instance" xsi:noNamespaceSchemaLocation="https://maven.apache.org/surefire/maven-surefire-plugin/xsd/surefire-test-report-3.0.xsd" version="3.0" name="com.internship.tool.controller.AssessmentControllerTest" time="11.663" tests="1" errors="0" skipped="0" failures="0">
  <properties>
[...]
</properties>
  <testcase name="testGetAll" classname="com.internship.tool.controller.AssessmentControllerTest" time="0.656">
    <system-out><![CDATA[15:26:35.983 [main] INFO org.springframework.test.context.support.AnnotationConfigContextLoaderUtils -- Could not detect default configuration classes for test class [com.internship.tool.controller.AssessmentControllerTest]: AssessmentControllerTest does not declare any static, non-private, non-final, nested classes annotated with @Configuration.
15:26:36.254 [main] INFO org.springframework.boot.test.context.SpringBootTestContextBootstrapper -- Found @SpringBootConfiguration com.internship.tool.ToolApplication for test class com.internship.tool.controller.AssessmentControllerTest

  .   ____          _            __ _ _
 /\\ / ___'_ __ _ _(_)_ __  __ _ \ \ \ \
( ( )\___ | '_ | '_| | '_ \/ _` | \ \ \ \
 \\/  ___)| |_)| | | | | || (_| |  ) ) ) )
  '  |____| .__|_| |_|_| |_\__, | / / / /
 =========|_|==============|___/=/_/_/_/
 :: Spring Boot ::                (v3.1.1)

2026-05-01T15:26:37.148+05:30  INFO 36092 --- [           main] c.i.t.c.AssessmentControllerTest         : Starting AssessmentControllerTest using Java 21.0.11 with PID 36092 (started by Raksha V Kadagi in C:\Users\Raksha V Kadagi\privacy-impact-assessment-tool\backend)
2026-05-01T15:26:37.153+05:30  INFO 36092 --- [           main] c.i.t.c.AssessmentControllerTest         : No active profile set, falling back to 1 default profile: "default"
2026-05-01T15:26:45.317+05:30  WARN 36092 --- [           main] ion$DefaultTemplateResolverConfiguration : Cannot find template location: classpath:/templates/ (please add some templates, check your Thymeleaf configuration, or set spring.thymeleaf.check-template-location=false)
2026-05-01T15:26:45.548+05:30  WARN 36092 --- [           main] .s.s.UserDetailsServiceAutoConfiguration : 

Using generated security password: e05c0368-c0d1-426c-a288-292550c95b1a

This generated password is for development use only. Your security configuration must be updated before running your application in production.

2026-05-01T15:26:46.205+05:30  INFO 36092 --- [           main] o.s.s.web.DefaultSecurityFilterChain     : Will secure any request with [org.springframework.security.web.session.DisableEncodeUrlFilter@61c5fd78, org.springframework.security.web.context.request.async.WebAsyncManagerIntegrationFilter@42503099, org.springframework.security.web.context.SecurityContextHolderFilter@1e6cb932, org.springframework.security.web.header.HeaderWriterFilter@3ba46845, org.springframework.security.web.csrf.CsrfFilter@47ef5a33, org.springframework.security.web.authentication.logout.LogoutFilter@1b1ea1d9, org.springframework.security.web.authentication.UsernamePasswordAuthenticationFilter@3f4a605f, org.springframework.security.web.authentication.ui.DefaultLoginPageGeneratingFilter@5fa5c8cf, org.springframework.security.web.authentication.ui.DefaultLogoutPageGeneratingFilter@39dda56f, org.springframework.security.web.authentication.www.BasicAuthenticationFilter@19ec5357, org.springframework.security.web.savedrequest.RequestCacheAwareFilter@523abba9, org.springframework.security.web.servletapi.SecurityContextHolderAwareRequestFilter@45424c0, org.springframework.security.web.authentication.AnonymousAuthenticationFilter@60844992, org.springframework.security.web.access.ExceptionTranslationFilter@793d09e, org.springframework.security.web.access.intercept.AuthorizationFilter@7d18338b]
2026-05-01T15:26:46.451+05:30  INFO 36092 --- [           main] o.s.b.t.m.w.SpringBootMockServletContext : Initializing Spring TestDispatcherServlet ''
2026-05-01T15:26:46.452+05:30  INFO 36092 --- [           main] o.s.t.web.servlet.TestDispatcherServlet  : Initializing Servlet ''
2026-05-01T15:26:46.455+05:30  INFO 36092 --- [           main] o.s.t.web.servlet.TestDispatcherServlet  : Completed initialization in 3 ms
2026-05-01T15:26:46.581+05:30  INFO 36092 --- [           main] c.i.t.c.AssessmentControllerTest         : Started AssessmentControllerTest in 10.197 seconds (process running for 11.565)
]]></system-out>
    <system-err><![CDATA[WARNING: A Java agent has been loaded dynamically (C:\Users\Raksha V Kadagi\.m2\repository\net\bytebuddy\byte-buddy-agent\1.14.5\byte-buddy-agent-1.14.5.jar)
WARNING: If a serviceability tool is in use, please run with -XX:+EnableDynamicAgentLoading to hide this warning
WARNING: If a serviceability tool is not in use, please run with -Djdk.instrument.traceUsage for more information
WARNING: Dynamic loading of agents will be disallowed by default in a future release
]]></system-err>
  </testcase>
</testsuite>